Flutter crash report.
Please report a bug at https://github.com/flutter/flutter/issues.

## command

flutter --quiet assemble --no-version-check --depfile D:\ChristmasApp_demo\build\app\intermediates\flutter\release/flutter_build.d --output D:\ChristmasApp_demo\build\app\intermediates\flutter\release -dTargetFile=lib\main.dart -dTargetPlatform=android -dBuildMode=release -dTrackWidgetCreation=true -dTreeShakeIcons=true android_aot_bundle_release_android-arm android_aot_bundle_release_android-arm64 android_aot_bundle_release_android-x64

## exception

FileSystemException: FileSystemException: Cannot delete file, path = 'D:\ChristmasApp_demo\.dart_tool\flutter_build\98079dc21164a6aa22364458a4623094\aot_android_asset_bundle.stamp' (OS Error: Access is denied.
, errno = 5)

```
#0      _File.throwIfError (dart:io/file_impl.dart:635:7)
#1      _File._deleteSync (dart:io/file_impl.dart:298:5)
#2      FileSystemEntity.deleteSync (dart:io/file_system_entity.dart:427:7)
#3      ForwardingFileSystemEntity.deleteSync (package:file/src/forwarding/forwarding_file_system_entity.dart:70:16)
#4      ForwardingFileSystemEntity.deleteSync (package:file/src/forwarding/forwarding_file_system_entity.dart:70:16)
#5      ErrorHandlingFileSystem.deleteIfExists (package:flutter_tools/src/base/error_handling_io.dart:82:12)
#6      Target.clearStamp (package:flutter_tools/src/build_system/build_system.dart:164:29)
#7      _BuildInstance._invokeInternal (package:flutter_tools/src/build_system/build_system.dart:868:19)
<asynchronous suspension>
#8      Future.wait.<anonymous closure> (dart:async/future.dart:522:21)
<asynchronous suspension>
#9      _BuildInstance.invokeTarget (package:flutter_tools/src/build_system/build_system.dart:777:32)
<asynchronous suspension>
#10     Future.wait.<anonymous closure> (dart:async/future.dart:522:21)
<asynchronous suspension>
#11     _BuildInstance.invokeTarget (package:flutter_tools/src/build_system/build_system.dart:777:32)
<asynchronous suspension>
#12     FlutterBuildSystem.build (package:flutter_tools/src/build_system/build_system.dart:606:16)
<asynchronous suspension>
#13     AssembleCommand.runCommand (package:flutter_tools/src/commands/assemble.dart:316:32)
<asynchronous suspension>
#14     FlutterCommand.run.<anonymous closure> (package:flutter_tools/src/runner/flutter_command.dart:1209:27)
<asynchronous suspension>
#15     AppContext.run.<anonymous closure> (package:flutter_tools/src/base/context.dart:150:19)
<asynchronous suspension>
#16     CommandRunner.runCommand (package:args/command_runner.dart:209:13)
<asynchronous suspension>
#17     FlutterCommandRunner.runCommand.<anonymous closure> (package:flutter_tools/src/runner/flutter_command_runner.dart:281:9)
<asynchronous suspension>
#18     AppContext.run.<anonymous closure> (package:flutter_tools/src/base/context.dart:150:19)
<asynchronous suspension>
#19     FlutterCommandRunner.runCommand (package:flutter_tools/src/runner/flutter_command_runner.dart:229:5)
<asynchronous suspension>
#20     run.<anonymous closure>.<anonymous closure> (package:flutter_tools/runner.dart:62:9)
<asynchronous suspension>
#21     AppContext.run.<anonymous closure> (package:flutter_tools/src/base/context.dart:150:19)
<asynchronous suspension>
#22     main (package:flutter_tools/executable.dart:91:3)
<asynchronous suspension>
```

## flutter doctor

```
[✓] Flutter (Channel stable, 3.3.4, on Microsoft Windows [Version 10.0.22621.2715], locale en-IN)
    • Flutter version 3.3.4 on channel stable at C:\flutter\flutter_windows_3.0.2-stable\flutter
    • Upstream repository https://github.com/flutter/flutter.git
    • Framework revision eb6d86ee27 (1 year, 2 months ago), 2022-10-04 22:31:45 -0700
    • Engine revision c08d7d5efc
    • Dart version 2.18.2
    • DevTools version 2.15.0

[✓] Android toolchain - develop for Android devices (Android SDK version 33.0.0)
    • Android SDK at C:\Users\ADMIN\AppData\Local\Android\sdk
    • Platform android-34, build-tools 33.0.0
    • Java binary at: C:\Program Files\Android\Android Studio\jre\bin\java
    • Java version OpenJDK Runtime Environment (build 11.0.12+7-b1504.28-7817840)
    • All Android licenses accepted.

[✓] Chrome - develop for the web
    • Chrome at C:\Program Files\Google\Chrome\Application\chrome.exe

[✗] Visual Studio - develop for Windows
    ✗ Visual Studio not installed; this is necessary for Windows development.
      Download at https://visualstudio.microsoft.com/downloads/.
      Please install the "Desktop development with C++" workload, including all of its default components

[✓] Android Studio (version 2021.2)
    • Android Studio at C:\Program Files\Android\Android Studio
    • Flutter plugin can be installed from:
      🔨 https://plugins.jetbrains.com/plugin/9212-flutter
    • Dart plugin can be installed from:
      🔨 https://plugins.jetbrains.com/plugin/6351-dart
    • Java version OpenJDK Runtime Environment (build 11.0.12+7-b1504.28-7817840)

[✓] VS Code (version 1.70.0)
    • VS Code at C:\Users\ADMIN\AppData\Local\Programs\Microsoft VS Code
    • Flutter extension version 3.60.0

[✓] Connected device (4 available)
    • Redmi Note 7 (mobile) • 973acc04 • android-arm64  • Android 10 (API 29)
    • Windows (desktop)     • windows  • windows-x64    • Microsoft Windows [Version 10.0.22621.2715]
    • Chrome (web)          • chrome   • web-javascript • Google Chrome 119.0.6045.200
    • Edge (web)            • edge     • web-javascript • Microsoft Edge 119.0.2151.97

[✓] HTTP Host Availability
    • All required HTTP hosts are available

! Doctor found issues in 1 category.
```
